<?xml version="1.0" encoding="utf-8"?><testsuites name="pytest tests"><testsuite name="pytest" errors="0" failures="0" skipped="0" tests="9" time="66.064" timestamp="2026-04-07T13:18:22.342907+00:00" hostname="agent-env-3d951539-36dd-4aca-b1ea-220b83195cdf"><testcase classname="backend.tests.test_date_filtering.TestDateFilteringFeature" name="test_caen_search_without_date_filter" time="12.840" /><testcase classname="backend.tests.test_date_filtering.TestDateFilteringFeature" name="test_caen_search_with_since_date_2025" time="13.656" /><testcase classname="backend.tests.test_date_filtering.TestDateFilteringFeature" name="test_caen_search_with_since_date_2020" time="11.636" /><testcase classname="backend.tests.test_date_filtering.TestDateFilteringFeature" name="test_name_search_returns_establishment_dates" time="2.536" /><testcase classname="backend.tests.test_date_filtering.TestDateFilteringFeature" name="test_name_search_with_date_filter" time="1.857" /><testcase classname="backend.tests.test_date_filtering.TestDateFilteringFeature" name="test_anaf_data_includes_phone_and_j_number" time="11.179" /><testcase classname="backend.tests.test_date_filtering.TestCaenCodesEndpoint" name="test_caen_codes_returns_9_codes" time="0.129" /><testcase classname="backend.tests.test_date_filtering.TestAuthEndpoint" name="test_login_works" time="0.333" /><testcase classname="backend.tests.test_date_filtering.TestSaveCompanyWithDateFields" name="test_save_company_with_anaf_data" time="11.817" /></testsuite></testsuites>