<?xml version="1.0" encoding="utf-8"?><testsuites name="pytest tests"><testsuite name="pytest" errors="0" failures="0" skipped="0" tests="22" time="13.871" timestamp="2026-04-07T12:56:23.805933+00:00" hostname="agent-env-3d951539-36dd-4aca-b1ea-220b83195cdf"><testcase classname="backend.tests.test_firmafinder_api.TestPublicEndpoints" name="test_caen_codes_returns_exactly_9_codes" time="0.262" /><testcase classname="backend.tests.test_firmafinder_api.TestPublicEndpoints" name="test_counties_returns_romanian_counties" time="0.124" /><testcase classname="backend.tests.test_firmafinder_api.TestAuthentication" name="test_login_with_valid_credentials" time="0.327" /><testcase classname="backend.tests.test_firmafinder_api.TestAuthentication" name="test_login_with_invalid_credentials" time="0.330" /><testcase classname="backend.tests.test_firmafinder_api.TestAuthentication" name="test_register_new_user" time="0.350" /><testcase classname="backend.tests.test_firmafinder_api.TestAuthentication" name="test_register_requires_email" time="0.111" /><testcase classname="backend.tests.test_firmafinder_api.TestAuthentication" name="test_auth_me_with_valid_token" time="0.491" /><testcase classname="backend.tests.test_firmafinder_api.TestAuthentication" name="test_auth_me_without_token" time="0.138" /><testcase classname="backend.tests.test_firmafinder_api.TestSearch" name="test_search_by_caen_code" time="3.366" /><testcase classname="backend.tests.test_firmafinder_api.TestSearch" name="test_search_by_name" time="0.998" /><testcase classname="backend.tests.test_firmafinder_api.TestSearch" name="test_search_requires_query" time="0.105" /><testcase classname="backend.tests.test_firmafinder_api.TestCompanyCRUD" name="test_create_company" time="0.707" /><testcase classname="backend.tests.test_firmafinder_api.TestCompanyCRUD" name="test_list_companies" time="0.426" /><testcase classname="backend.tests.test_firmafinder_api.TestCompanyCRUD" name="test_update_company_status" time="0.810" /><testcase classname="backend.tests.test_firmafinder_api.TestCompanyCRUD" name="test_delete_company" time="0.721" /><testcase classname="backend.tests.test_firmafinder_api.TestCompanyCRUD" name="test_company_requires_auth" time="0.426" /><testcase classname="backend.tests.test_firmafinder_api.TestReminderCRUD" name="test_create_reminder" time="0.795" /><testcase classname="backend.tests.test_firmafinder_api.TestReminderCRUD" name="test_list_reminders" time="0.736" /><testcase classname="backend.tests.test_firmafinder_api.TestReminderCRUD" name="test_complete_reminder" time="0.907" /><testcase classname="backend.tests.test_firmafinder_api.TestReminderCRUD" name="test_delete_reminder" time="0.760" /><testcase classname="backend.tests.test_firmafinder_api.TestDashboard" name="test_dashboard_stats" time="0.432" /><testcase classname="backend.tests.test_firmafinder_api.TestDashboard" name="test_dashboard_requires_auth" time="0.454" /></testsuite></testsuites>